141010 16:42:03 [Note] Plugin 'FEDERATED' is disabled.
InnoDB: The first specified data file .\ibdata1 did not exist:
InnoDB: a new database to be created!
141010 16:42:04  InnoDB: Setting file .\ibdata1 size to 10 MB
InnoDB: Database physically writes the file full: wait...
141010 16:42:04  InnoDB: Log file .\ib_logfile0 did not exist: new to be created
InnoDB: Setting log file .\ib_logfile0 size to 170 MB
InnoDB: Database physically writes the file full: wait...
InnoDB: Progress in MB: 100
141010 16:42:07  InnoDB: Log file .\ib_logfile1 did not exist: new to be created
InnoDB: Setting log file .\ib_logfile1 size to 170 MB
InnoDB: Database physically writes the file full: wait...
InnoDB: Progress in MB: 100
InnoDB: Doublewrite buffer not found: creating new
InnoDB: Doublewrite buffer created
InnoDB: Creating foreign key constraint system tables
InnoDB: Foreign key constraint system tables created
141010 16:42:13  InnoDB: Started; log sequence number 0 0
141010 16:42:13 [Note] Event Scheduler: Loaded 0 events
141010 16:42:13 [Note] bin\mysqld.exe: ready for connections.
Version: '5.1.45-community'  socket: ''  port: 3306  MySQL Community Server (GPL)
141010 16:42:54 [Note] Plugin 'FEDERATED' is disabled.
InnoDB: The log sequence number in ibdata files does not match
InnoDB: the log sequence number in the ib_logfiles!
141010 16:42:55  InnoDB: Database was not shut down normally!
InnoDB: Starting crash recovery.
InnoDB: Reading tablespace information from the .ibd files...
InnoDB: Restoring possible half-written data pages from the doublewrite
InnoDB: buffer...
141010 16:42:55  InnoDB: Started; log sequence number 0 44233
141010 16:42:55 [Note] Event Scheduler: Loaded 0 events
141010 16:42:55 [Note] bin\mysqld.exe: ready for connections.
Version: '5.1.45-community'  socket: ''  port: 3306  MySQL Community Server (GPL)
141010 16:43:58 [Note] bin\mysqld.exe: Normal shutdown

141010 16:43:58 [Note] Event Scheduler: Purging the queue. 0 events
141010 16:43:58  InnoDB: Starting shutdown...
141010 16:44:00  InnoDB: Shutdown completed; log sequence number 0 44233
141010 16:44:00 [Note] bin\mysqld.exe: Shutdown complete

141010 16:48:30 [Note] Plugin 'FEDERATED' is disabled.
141010 16:48:31  InnoDB: Started; log sequence number 0 44233
141010 16:48:31 [Note] Event Scheduler: Loaded 0 events
141010 16:48:31 [Note] bin\mysqld.exe: ready for connections.
Version: '5.1.45-community'  socket: ''  port: 3306  MySQL Community Server (GPL)
141010 16:48:46 [Note] bin\mysqld.exe: Normal shutdown

141010 16:48:46 [Note] Event Scheduler: Purging the queue. 0 events
141010 16:48:46  InnoDB: Starting shutdown...
141010 16:48:46  InnoDB: Shutdown completed; log sequence number 0 44233
141010 16:48:46 [Note] bin\mysqld.exe: Shutdown complete

141010 16:49:12 [Note] Plugin 'FEDERATED' is disabled.
141010 16:49:13  InnoDB: Started; log sequence number 0 44233
141010 16:49:13 [Note] Event Scheduler: Loaded 0 events
141010 16:49:13 [Note] bin\mysqld.exe: ready for connections.
Version: '5.1.45-community'  socket: ''  port: 3306  MySQL Community Server (GPL)
141010 16:50:13 [Note] bin\mysqld.exe: Normal shutdown

141010 16:50:13 [Note] Event Scheduler: Purging the queue. 0 events
141010 16:50:13  InnoDB: Starting shutdown...
141010 16:50:18  InnoDB: Shutdown completed; log sequence number 0 44233
141010 16:50:18 [Note] bin\mysqld.exe: Shutdown complete

141010 16:51:58 [Note] Plugin 'FEDERATED' is disabled.
141010 16:51:58  InnoDB: Started; log sequence number 0 44233
141010 16:51:58 [Note] Event Scheduler: Loaded 0 events
141010 16:51:58 [Note] bin\mysqld.exe: ready for connections.
Version: '5.1.45-community'  socket: ''  port: 3306  MySQL Community Server (GPL)
141010 17:01:09 [Note] bin\mysqld.exe: Normal shutdown

141010 17:01:09 [Note] Event Scheduler: Purging the queue. 0 events
141010 17:01:09  InnoDB: Starting shutdown...
141010 17:01:14  InnoDB: Shutdown completed; log sequence number 0 44233
141010 17:01:14 [Note] bin\mysqld.exe: Shutdown complete

141010 17:02:45 [Note] Plugin 'FEDERATED' is disabled.
141010 17:02:45  InnoDB: Started; log sequence number 0 44233
141010 17:02:45 [Note] Event Scheduler: Loaded 0 events
141010 17:02:45 [Note] bin\mysqld.exe: ready for connections.
Version: '5.1.45-community'  socket: ''  port: 3306  MySQL Community Server (GPL)
141010 17:03:38 [Note] bin\mysqld.exe: Normal shutdown

141010 17:03:38 [Note] Event Scheduler: Purging the queue. 0 events
141010 17:03:38  InnoDB: Starting shutdown...
141010 17:03:41  InnoDB: Shutdown completed; log sequence number 0 44233
141010 17:03:41 [Note] bin\mysqld.exe: Shutdown complete

141010 17:03:52 [Note] Plugin 'FEDERATED' is disabled.
141010 17:03:53  InnoDB: Started; log sequence number 0 44233
141010 17:03:53 [Note] Event Scheduler: Loaded 0 events
141010 17:03:53 [Note] bin\mysqld.exe: ready for connections.
Version: '5.1.45-community'  socket: ''  port: 3306  MySQL Community Server (GPL)
141010 17:04:46 [Note] bin\mysqld.exe: Normal shutdown

141010 17:04:46 [Note] Event Scheduler: Purging the queue. 0 events
141010 17:04:46  InnoDB: Starting shutdown...
141010 17:04:48  InnoDB: Shutdown completed; log sequence number 0 44233
141010 17:04:48 [Note] bin\mysqld.exe: Shutdown complete

141010 17:04:49 [Note] Plugin 'FEDERATED' is disabled.
141010 17:04:49  InnoDB: Started; log sequence number 0 44233
141010 17:04:49 [Note] Event Scheduler: Loaded 0 events
141010 17:04:49 [Note] bin\mysqld.exe: ready for connections.
Version: '5.1.45-community'  socket: ''  port: 3306  MySQL Community Server (GPL)
141010 17:26:58 [Note] bin\mysqld.exe: Normal shutdown

141010 17:26:58 [Note] Event Scheduler: Purging the queue. 0 events
141010 17:26:58  InnoDB: Starting shutdown...
141010 17:27:00  InnoDB: Shutdown completed; log sequence number 0 44233
141010 17:27:00 [Note] bin\mysqld.exe: Shutdown complete

